Asj_test/app/build/intermediates/manifest_merge_blame_file/debug/manifest-merger-blame-debug-report.txt
1<?xml version="1.0" encoding="utf-8"?>
2<manifest xmlns:android="http://schemas.android.com/apk/res/android"
3    package="com.example.capstone_kotlin"
4    android:versionCode="1"
5    android:versionName="1.0" >
6
7    <uses-sdk
8        android:minSdkVersion="25"
8-->src\main\AndroidManifest.xml
9        android:targetSdkVersion="32" />
9-->src\main\AndroidManifest.xml
10
11    <!-- 카메라 권한을 사용 -->
12    <uses-permission android:name="android.permission.CAMERA" />
12-->src\main\AndroidManifest.xml:6:5-65
12-->src\main\AndroidManifest.xml:6:22-62
13
14    <permission
14-->[androidx.core:core:1.9.0] AndroidManifest.xml:22:5-24:47
15        android:name="com.example.capstone_kotlin.DYNAMIC_RECEIVER_NOT_EXPORTED_PERMISSION"
15-->[androidx.core:core:1.9.0] AndroidManifest.xml:23:9-81
16        android:protectionLevel="signature" />
16-->[androidx.core:core:1.9.0] AndroidManifest.xml:24:9-44
17
18    <uses-permission android:name="com.example.capstone_kotlin.DYNAMIC_RECEIVER_NOT_EXPORTED_PERMISSION" /> <!-- Don't require camera, as this requires a rear camera. This allows it to work on the Nexus 7 -->
18-->[androidx.core:core:1.9.0] AndroidManifest.xml:26:5-97
18-->[androidx.core:core:1.9.0] AndroidManifest.xml:26:22-94
19    <uses-feature
19-->[com.journeyapps:zxing-android-embedded:4.3.0] AndroidManifest.xml:25:5-27:36
20        android:name="android.hardware.camera"
20-->[com.journeyapps:zxing-android-embedded:4.3.0] AndroidManifest.xml:26:9-47
21        android:required="false" />
21-->[com.journeyapps:zxing-android-embedded:4.3.0] AndroidManifest.xml:27:9-33
22    <uses-feature
22-->[com.journeyapps:zxing-android-embedded:4.3.0] AndroidManifest.xml:28:5-30:36
23        android:name="android.hardware.camera.front"
23-->[com.journeyapps:zxing-android-embedded:4.3.0] AndroidManifest.xml:29:9-53
24        android:required="false" /> <!-- TODO replace above two with next line after Android 4.2 -->
24-->[com.journeyapps:zxing-android-embedded:4.3.0] AndroidManifest.xml:30:9-33
25    <!-- <uses-feature android:name="android.hardware.camera.any"/> -->
26    <uses-feature
26-->[com.journeyapps:zxing-android-embedded:4.3.0] AndroidManifest.xml:33:5-35:36
27        android:name="android.hardware.camera.autofocus"
27-->[com.journeyapps:zxing-android-embedded:4.3.0] AndroidManifest.xml:34:9-57
28        android:required="false" />
28-->[com.journeyapps:zxing-android-embedded:4.3.0] AndroidManifest.xml:35:9-33
29    <uses-feature
29-->[com.journeyapps:zxing-android-embedded:4.3.0] AndroidManifest.xml:36:5-38:36
30        android:name="android.hardware.camera.flash"
30-->[com.journeyapps:zxing-android-embedded:4.3.0] AndroidManifest.xml:37:9-53
31        android:required="false" />
31-->[com.journeyapps:zxing-android-embedded:4.3.0] AndroidManifest.xml:38:9-33
32    <uses-feature
32-->[com.journeyapps:zxing-android-embedded:4.3.0] AndroidManifest.xml:39:5-41:36
33        android:name="android.hardware.screen.landscape"
33-->[com.journeyapps:zxing-android-embedded:4.3.0] AndroidManifest.xml:40:9-57
34        android:required="false" />
34-->[com.journeyapps:zxing-android-embedded:4.3.0] AndroidManifest.xml:41:9-33
35    <uses-feature
35-->[com.journeyapps:zxing-android-embedded:4.3.0] AndroidManifest.xml:42:5-44:36
36        android:name="android.hardware.wifi"
36-->[com.journeyapps:zxing-android-embedded:4.3.0] AndroidManifest.xml:43:9-45
37        android:required="false" />
37-->[com.journeyapps:zxing-android-embedded:4.3.0] AndroidManifest.xml:44:9-33
38
39    <application
39-->src\main\AndroidManifest.xml:8:5-38:19
40        android:allowBackup="true"
40-->src\main\AndroidManifest.xml:9:9-35
41        android:appComponentFactory="androidx.core.app.CoreComponentFactory"
41-->[androidx.core:core:1.9.0] AndroidManifest.xml:28:18-86
42        android:dataExtractionRules="@xml/data_extraction_rules"
42-->src\main\AndroidManifest.xml:10:9-65
43        android:debuggable="true"
44        android:extractNativeLibs="false"
45        android:fullBackupContent="@xml/backup_rules"
45-->src\main\AndroidManifest.xml:11:9-54
46        android:icon="@mipmap/ic_launcher"
46-->src\main\AndroidManifest.xml:12:9-43
47        android:label="@string/app_name"
47-->src\main\AndroidManifest.xml:13:9-41
48        android:roundIcon="@mipmap/ic_launcher_round"
48-->src\main\AndroidManifest.xml:14:9-54
49        android:supportsRtl="true"
49-->src\main\AndroidManifest.xml:15:9-35
50        android:testOnly="true"
51        android:theme="@style/Theme.Capstone_kotlin" >
51-->src\main\AndroidManifest.xml:16:9-53
52        <activity
52-->src\main\AndroidManifest.xml:19:9-27:20
53            android:name="com.example.capstone_kotlin.MainActivity"
53-->src\main\AndroidManifest.xml:20:13-41
54            android:exported="true" >
54-->src\main\AndroidManifest.xml:21:13-36
55            <intent-filter>
55-->src\main\AndroidManifest.xml:22:13-26:29
56                <action android:name="android.intent.action.MAIN" />
56-->src\main\AndroidManifest.xml:23:17-69
56-->src\main\AndroidManifest.xml:23:25-66
57
58                <category android:name="android.intent.category.LAUNCHER" />
58-->src\main\AndroidManifest.xml:25:17-77
58-->src\main\AndroidManifest.xml:25:27-74
59            </intent-filter>
60        </activity>
61        <activity
61-->src\main\AndroidManifest.xml:28:9-30:48
62            android:name="com.example.capstone_kotlin.ScanActivity"
62-->src\main\AndroidManifest.xml:29:13-41
63            android:exported="true" />
63-->src\main\AndroidManifest.xml:30:13-36
64        <activity
64-->src\main\AndroidManifest.xml:31:9-33:39
65            android:name="com.example.capstone_kotlin.MapActivity"
65-->src\main\AndroidManifest.xml:32:13-40
66            android:exported="true" />
66-->src\main\AndroidManifest.xml:33:13-36
67        <activity
67-->src\main\AndroidManifest.xml:34:9-37:49
68            android:name="com.journeyapps.barcodescanner.CaptureActivity"
68-->src\main\AndroidManifest.xml:35:13-74
69            android:clearTaskOnLaunch="true"
69-->[com.journeyapps:zxing-android-embedded:4.3.0] AndroidManifest.xml:49:13-45
70            android:screenOrientation="fullSensor"
70-->src\main\AndroidManifest.xml:36:13-51
71            android:stateNotNeeded="true"
71-->[com.journeyapps:zxing-android-embedded:4.3.0] AndroidManifest.xml:51:13-42
72            android:theme="@style/zxing_CaptureTheme"
72-->[com.journeyapps:zxing-android-embedded:4.3.0] AndroidManifest.xml:52:13-54
73            android:windowSoftInputMode="stateAlwaysHidden" />
73-->[com.journeyapps:zxing-android-embedded:4.3.0] AndroidManifest.xml:53:13-60
74
75        <provider
75-->[androidx.emoji2:emoji2:1.2.0] AndroidManifest.xml:24:9-32:20
76            android:name="androidx.startup.InitializationProvider"
76-->[androidx.emoji2:emoji2:1.2.0] AndroidManifest.xml:25:13-67
77            android:authorities="com.example.capstone_kotlin.androidx-startup"
77-->[androidx.emoji2:emoji2:1.2.0] AndroidManifest.xml:26:13-68
78            android:exported="false" >
78-->[androidx.emoji2:emoji2:1.2.0] AndroidManifest.xml:27:13-37
79            <meta-data
79-->[androidx.emoji2:emoji2:1.2.0] AndroidManifest.xml:29:13-31:52
80                android:name="androidx.emoji2.text.EmojiCompatInitializer"
80-->[androidx.emoji2:emoji2:1.2.0] AndroidManifest.xml:30:17-75
81                android:value="androidx.startup" />
81-->[androidx.emoji2:emoji2:1.2.0] AndroidManifest.xml:31:17-49
82            <meta-data
82-->[androidx.lifecycle:lifecycle-process:2.4.1] AndroidManifest.xml:31:13-33:52
83                android:name="androidx.lifecycle.ProcessLifecycleInitializer"
83-->[androidx.lifecycle:lifecycle-process:2.4.1] AndroidManifest.xml:32:17-78
84                android:value="androidx.startup" />
84-->[androidx.lifecycle:lifecycle-process:2.4.1] AndroidManifest.xml:33:17-49
85        </provider>
86    </application>
87
88</manifest>